/*C6*/SET SCHEMA PUBLIC
DISCONNECT
/*C8*/SET SCHEMA PUBLIC
DISCONNECT
/*C9*/SET SCHEMA PUBLIC
DELETE FROM OPENJPA_SEQUENCE_TABLE WHERE ID=0
INSERT INTO OPENJPA_SEQUENCE_TABLE VALUES(0,101)
COMMIT
/*C7*/SET SCHEMA PUBLIC
INSERT INTO PERSON VALUES(51,'J\u00f8rgen Fisefins terasse 3','','1987-12-31 01:01:01.785000','15251','En av de virkelig store Halsbrannene i historien','Gurgle Halsbrann','1111','Harry Potter','8515','Narvik')
COMMIT
INSERT INTO PERSON VALUES(52,'\u00d8vre Undergang 22','','1986-02-01 01:01:01.785000','12345','Kvitrende glad og positiv','Sylfrid Fuglesang','1111','Jupp','8515','Narvik')
COMMIT
INSERT INTO PERSON VALUES(53,'c/o Rosa Balle','Snyltestien 1','1990-12-11 01:01:01.785000','33332','Uten sidestykke i nyere historie','Snork Rumlepung','1111','Money','8514','Narvik')
COMMIT
INSERT INTO PERSON VALUES(54,'Andeby undergrunn','','1991-10-21 01:01:01.785000','54321','N\u00e6r venn av Kjell Inge R\u00f8kke','Walter Pengesluk','1111','Donald','8500','Narvik')
COMMIT
DELETE FROM PERSON WHERE ID=51
COMMIT
DELETE FROM PERSON WHERE ID=52
COMMIT
DELETE FROM PERSON WHERE ID=53
COMMIT
DELETE FROM PERSON WHERE ID=54
COMMIT
DISCONNECT
/*C9*/DISCONNECT
